[GIN-debug] [WARNING] Running in "debug" mode. Switch to "release" mode in production.
 - using env:	export GIN_MODE=release
 - using code:	gin.SetMode(gin.ReleaseMode)

[GIN-debug] POST   /add                      --> src/github.com/blackonyyx/cognizant/src.SetupRouter.func1 (4 handlers)
[GIN-debug] GET    /books                    --> src/github.com/blackonyyx/cognizant/src.SetupRouter.func2 (4 handlers)
[GIN-debug] GET    /read                     --> src/github.com/blackonyyx/cognizant/src.SetupRouter.func3 (4 handlers)
[GIN-debug] GET    /search                   --> src/github.com/blackonyyx/cognizant/src.SetupRouter.func4 (4 handlers)
[GIN-debug] POST   /borrow                   --> src/github.com/blackonyyx/cognizant/src.SetupRouter.func5 (4 handlers)
[GIN-debug] GET    /loan                     --> src/github.com/blackonyyx/cognizant/src.SetupRouter.func6 (4 handlers)
[GIN-debug] POST   /return                   --> src/github.com/blackonyyx/cognizant/src.SetupRouter.func7 (4 handlers)
[GIN-debug] POST   /extend                   --> src/github.com/blackonyyx/cognizant/src.SetupRouter.func8 (4 handlers)
[GIN-debug] [WARNING] You trusted all proxies, this is NOT safe. We recommend you to set a value.
Please check https://pkg.go.dev/github.com/gin-gonic/gin#readme-don-t-trust-all-proxies for details.
[GIN-debug] Listening and serving HTTP on :3000
2025/03/09 13:42:41 HI &{POST /add HTTP/1.1 1 1 map[Accept:[*/*] Accept-Encoding:[gzip, deflate, br] Cache-Control:[no-cache] Connection:[keep-alive] Content-Length:[201] Content-Type:[application/json] Postman-Token:[af3392a0-8c3e-4265-9a18-94574157aa04] User-Agent:[PostmanRuntime/7.43.0]] {{
    "title" : "Alice In Wonderland",
    "author": "Lewis Carol",
    "description": "Alice In wonderland Is A girl",
    "total_stock": 1,
    "content" : "The quick brown fox jumps over the wall"
}} <nil> 201 [] false localhost:3000 map[] map[] <nil> map[] [::1]:51497 /add <nil> <nil> <nil>  0xc00051e1e0 <nil> [] map[]}
::1 - [09 Mar 25 13:42 +08] POST /add 200 648.767µs 
